2025-10-13T16:03:24.749013+00:00 <0.247.0>  Fatal Error: Traceback (most recent call last):, File "/usr/local/lib/python3.7/site-packages/ninja/operation.py", line 105, in run, return self._result_to_response(request, result, temporal_response), File "/usr/local/lib/python3.7/site-packages/ninja/operation.py", line 202, in _result_to_response, result = response_model.from_orm(resp_object).dict(, File "/usr/local/lib/python3.7/site-packages/ninja/schema.py", line 164, in from_orm, return super().from_orm(obj), File "pydantic/main.py", line 574, in pydantic.main.BaseModel.from_orm, pydantic.error_wrappers.ValidationError: 8 validation errors for NinjaResponseSchema, response -> items -> 6 -> packaging -> 0 -> packaging -> 0 -> containedItem -> 0 -> item -> amount -> value, none is not an allowed value (type=type_error.none.not_allowed), response -> items -> 7 -> packaging -> 0 -> packaging -> 0 -> containedItem -> 0 -> item -> amount -> value, none is not an allowed value (type=type_error.none.not_allowed), response -> items -> 8 -> packaging -> 0 -> packaging -> 0 -> containedItem -> 0 -> item -> amount -> value, none is not an allowed value (type=type_error.none.not_allowed), response -> items -> 9 -> packaging -> 0 -> packaging -> 0 -> containedItem -> 0 -> item -> amount -> value, none is not an allowed value (type=type_error.none.not_allowed), response -> items -> 10 -> packaging -> 0 -> packaging -> 0 -> containedItem -> 0 -> item -> amount -> value, none is not an allowed value (type=type_error.none.not_allowed), response -> items -> 11 -> packaging -> 0 -> packaging -> 0 -> containedItem -> 0 -> item -> amount -> value, none is not an allowed value (type=type_error.none.not_allowed), response -> items -> 12 -> packaging -> 0 -> packaging -> 0 -> containedItem -> 0 -> item -> amount -> value, none is not an allowed value (type=type_error.none.not_allowed), response -> items -> 13 -> packaging -> 0 -> packaging -> 0 -> containedItem -> 0 -> item -> amount -> value, none is not an allowed value (type=type_error.none.not_allowed)
2025-10-13T16:03:31.537058+00:00 <0.247.0>  Fatal Error: Traceback (most recent call last):, File "/usr/local/lib/python3.7/site-packages/ninja/operation.py", line 105, in run, return self._result_to_response(request, result, temporal_response), File "/usr/local/lib/python3.7/site-packages/ninja/operation.py", line 202, in _result_to_response, result = response_model.from_orm(resp_object).dict(, File "/usr/local/lib/python3.7/site-packages/ninja/schema.py", line 164, in from_orm, return super().from_orm(obj), File "pydantic/main.py", line 574, in pydantic.main.BaseModel.from_orm, pydantic.error_wrappers.ValidationError: 2 validation errors for NinjaResponseSchema, response -> items -> 10 -> packaging -> 0 -> containedItem -> 0 -> item -> amount -> value, none is not an allowed value (type=type_error.none.not_allowed), response -> items -> 10 -> packaging -> 0 -> containedItem -> 1 -> item -> amount -> value, none is not an allowed value (type=type_error.none.not_allowed)
2025-10-13T16:24:33.116981+00:00 <0.247.0>  Fatal Error: Traceback (most recent call last):, File "/usr/local/lib/python3.7/site-packages/ninja/operation.py", line 105, in run, return self._result_to_response(request, result, temporal_response), File "/usr/local/lib/python3.7/site-packages/ninja/operation.py", line 202, in _result_to_response, result = response_model.from_orm(resp_object).dict(, File "/usr/local/lib/python3.7/site-packages/ninja/schema.py", line 164, in from_orm, return super().from_orm(obj), File "pydantic/main.py", line 574, in pydantic.main.BaseModel.from_orm, pydantic.error_wrappers.ValidationError: 1 validation error for NinjaResponseSchema, response -> items -> 12 -> packaging -> 0 -> componentType -> 0 -> type, none is not an allowed value (type=type_error.none.not_allowed)
2025-10-13T16:27:27.446600+00:00 <0.247.0>  Fatal Error: Traceback (most recent call last):, File "/usr/local/lib/python3.7/site-packages/ninja/operation.py", line 105, in run, return self._result_to_response(request, result, temporal_response), File "/usr/local/lib/python3.7/site-packages/ninja/operation.py", line 202, in _result_to_response, result = response_model.from_orm(resp_object).dict(, File "/usr/local/lib/python3.7/site-packages/ninja/schema.py", line 164, in from_orm, return super().from_orm(obj), File "pydantic/main.py", line 574, in pydantic.main.BaseModel.from_orm, pydantic.error_wrappers.ValidationError: 12 validation errors for NinjaResponseSchema, response -> items -> 6 -> packaging -> 0 -> shellLifeStorage -> 0 -> period -> value, none is not an allowed value (type=type_error.none.not_allowed), response -> items -> 6 -> packaging -> 0 -> packaging -> 0 -> shellLifeStorage -> 0 -> period -> value, none is not an allowed value (type=type_error.none.not_allowed), response -> items -> 7 -> packaging -> 0 -> shellLifeStorage -> 0 -> period -> value, none is not an allowed value (type=type_error.none.not_allowed), response -> items -> 7 -> packaging -> 0 -> packaging -> 0 -> shellLifeStorage -> 0 -> period -> value, none is not an allowed value (type=type_error.none.not_allowed), response -> items -> 8 -> packaging -> 0 -> shellLifeStorage -> 0 -> period -> value, none is not an allowed value (type=type_error.none.not_allowed), response -> items -> 8 -> packaging -> 0 -> packaging -> 0 -> shellLifeStorage -> 0 -> period -> value, none is not an allowed value (type=type_error.none.not_allowed), response -> items -> 9 -> packaging -> 0 -> shellLifeStorage -> 0 -> period -> value, none is not an allowed value (type=type_error.none.not_allowed), response -> items -> 9 -> packaging -> 0 -> packaging -> 0 -> shellLifeStorage -> 0 -> period -> value, none is not an allowed value (type=type_error.none.not_allowed), response -> items -> 10 -> packaging -> 0 -> shellLifeStorage -> 0 -> period -> value, none is not an allowed value (type=type_error.none.not_allowed), response -> items -> 10 -> packaging -> 0 -> packaging -> 0 -> shellLifeStorage -> 0 -> period -> value, none is not an allowed value (type=type_error.none.not_allowed), response -> items -> 11 -> packaging -> 0 -> shellLifeStorage -> 0 -> period -> value, none is not an allowed value (type=type_error.none.not_allowed), response -> items -> 11 -> packaging -> 0 -> packaging -> 0 -> shellLifeStorage -> 0 -> period -> value, none is not an allowed value (type=type_error.none.not_allowed)
2025-10-13T16:33:39.681150+00:00 <0.247.0>  Fatal Error: Traceback (most recent call last):, File "/usr/local/lib/python3.7/site-packages/ninja/operation.py", line 105, in run, return self._result_to_response(request, result, temporal_response), File "/usr/local/lib/python3.7/site-packages/ninja/operation.py", line 202, in _result_to_response, result = response_model.from_orm(resp_object).dict(, File "/usr/local/lib/python3.7/site-packages/ninja/schema.py", line 164, in from_orm, return super().from_orm(obj), File "pydantic/main.py", line 574, in pydantic.main.BaseModel.from_orm, pydantic.error_wrappers.ValidationError: 2 validation errors for NinjaResponseSchema, response -> items -> 13 -> packaging -> 0 -> containedItem -> 0 -> item -> amount -> value, none is not an allowed value (type=type_error.none.not_allowed), response -> items -> 13 -> packaging -> 0 -> containedItem -> 1 -> item -> amount -> value, none is not an allowed value (type=type_error.none.not_allowed)
2025-10-13T16:43:44.839916+00:00 <0.247.0>  Fatal Error: Traceback (most recent call last):, File "/usr/local/lib/python3.7/site-packages/ninja/operation.py", line 105, in run, return self._result_to_response(request, result, temporal_response), File "/usr/local/lib/python3.7/site-packages/ninja/operation.py", line 202, in _result_to_response, result = response_model.from_orm(resp_object).dict(, File "/usr/local/lib/python3.7/site-packages/ninja/schema.py", line 164, in from_orm, return super().from_orm(obj), File "pydantic/main.py", line 574, in pydantic.main.BaseModel.from_orm, pydantic.error_wrappers.ValidationError: 4 validation errors for NinjaResponseSchema, response -> items -> 7 -> packaging -> 0 -> shellLifeStorage -> 0 -> period -> value, none is not an allowed value (type=type_error.none.not_allowed), response -> items -> 7 -> packaging -> 0 -> packaging -> 0 -> shellLifeStorage -> 0 -> period -> value, none is not an allowed value (type=type_error.none.not_allowed), response -> items -> 8 -> packaging -> 0 -> shellLifeStorage -> 0 -> period -> value, none is not an allowed value (type=type_error.none.not_allowed), response -> items -> 8 -> packaging -> 0 -> packaging -> 0 -> shellLifeStorage -> 0 -> period -> value, none is not an allowed value (type=type_error.none.not_allowed)
2025-10-13T16:49:35.374689+00:00 <0.247.0>  Fatal Error: Traceback (most recent call last):, File "/usr/local/lib/python3.7/site-packages/ninja/operation.py", line 105, in run, return self._result_to_response(request, result, temporal_response), File "/usr/local/lib/python3.7/site-packages/ninja/operation.py", line 202, in _result_to_response, result = response_model.from_orm(resp_object).dict(, File "/usr/local/lib/python3.7/site-packages/ninja/schema.py", line 164, in from_orm, return super().from_orm(obj), File "pydantic/main.py", line 574, in pydantic.main.BaseModel.from_orm, pydantic.error_wrappers.ValidationError: 1 validation error for NinjaResponseSchema, response -> items -> 14 -> packaging -> 0 -> containedItem -> 0 -> item -> amount -> value, none is not an allowed value (type=type_error.none.not_allowed)
2025-10-13T16:56:40.284052+00:00 <0.247.0>  Fatal Error: Traceback (most recent call last):, File "/usr/local/lib/python3.7/site-packages/ninja/operation.py", line 105, in run, return self._result_to_response(request, result, temporal_response), File "/usr/local/lib/python3.7/site-packages/ninja/operation.py", line 202, in _result_to_response, result = response_model.from_orm(resp_object).dict(, File "/usr/local/lib/python3.7/site-packages/ninja/schema.py", line 164, in from_orm, return super().from_orm(obj), File "pydantic/main.py", line 574, in pydantic.main.BaseModel.from_orm, pydantic.error_wrappers.ValidationError: 2 validation errors for NinjaResponseSchema, response -> items -> 16 -> packaging -> 0 -> shellLifeStorage -> 0 -> period -> value, none is not an allowed value (type=type_error.none.not_allowed), response -> items -> 16 -> packaging -> 0 -> packaging -> 0 -> shellLifeStorage -> 0 -> period -> value, none is not an allowed value (type=type_error.none.not_allowed)
2025-10-13T17:18:03.015581+00:00 <0.247.0>  Fatal Error: Traceback (most recent call last):, File "/usr/local/lib/python3.7/site-packages/ninja/operation.py", line 105, in run, return self._result_to_response(request, result, temporal_response), File "/usr/local/lib/python3.7/site-packages/ninja/operation.py", line 202, in _result_to_response, result = response_model.from_orm(resp_object).dict(, File "/usr/local/lib/python3.7/site-packages/ninja/schema.py", line 164, in from_orm, return super().from_orm(obj), File "pydantic/main.py", line 574, in pydantic.main.BaseModel.from_orm, pydantic.error_wrappers.ValidationError: 4 validation errors for NinjaResponseSchema, response -> items -> 17 -> packaging -> 0 -> shellLifeStorage -> 0 -> period -> value, none is not an allowed value (type=type_error.none.not_allowed), response -> items -> 17 -> packaging -> 0 -> packaging -> 0 -> shellLifeStorage -> 0 -> period -> value, none is not an allowed value (type=type_error.none.not_allowed), response -> items -> 18 -> packaging -> 0 -> shellLifeStorage -> 0 -> period -> value, none is not an allowed value (type=type_error.none.not_allowed), response -> items -> 18 -> packaging -> 0 -> packaging -> 0 -> shellLifeStorage -> 0 -> period -> value, none is not an allowed value (type=type_error.none.not_allowed)
2025-10-13T17:21:08.210665+00:00 <0.247.0>  Fatal Error: Traceback (most recent call last):, File "/usr/local/lib/python3.7/site-packages/ninja/operation.py", line 104, in run, result = self.view_func(request, **values), File "/medical/apps/api/fhir/routers.py", line 586, in get_package_medicinal_products, pmp_items = [pmp.as_fhir_detail() for pmp in paginate_objects.object_list.all()], File "/medical/apps/api/fhir/routers.py", line 586, in <listcomp>, pmp_items = [pmp.as_fhir_detail() for pmp in paginate_objects.object_list.all()], File "/medical/apps/medicinalproduct/models/package.py", line 219, in as_fhir_detail, "packaging": [pic.as_pmp_fhir() for pic in self.packageitemcontainer_set.filter(parent_id__isnull=True)], File "/medical/apps/medicinalproduct/models/package.py", line 219, in <listcomp>, "packaging": [pic.as_pmp_fhir() for pic in self.packageitemcontainer_set.filter(parent_id__isnull=True)], File "/medical/apps/medicinalproduct/models/package.py", line 93, in as_pmp_fhir, "packaging": [item.as_pmp_fhir() for item in self.children.filter(is_created=True)], File "/medical/apps/medicinalproduct/models/package.py", line 93, in <listcomp>, "packaging": [item.as_pmp_fhir() for item in self.children.filter(is_created=True)], File "/medical/apps/medicinalproduct/models/package.py", line 90, in as_pmp_fhir, *[item.get_fhir_item_quantity() for item in self.manufactureditem_set.filter(is_created=True)], File "/medical/apps/medicinalproduct/models/package.py", line 90, in <listcomp>, *[item.get_fhir_item_quantity() for item in self.manufactureditem_set.filter(is_created=True)], File "/medical/apps/medicinalproduct/models/package.py", line 870, in get_fhir_item_quantity, "code": self.manufactured_item_quantity.pq_unit_arbitrary.source_term_id, AttributeError: 'NoneType' object has no attribute 'source_term_id'
2025-10-13T17:47:38.424121+00:00 <0.247.0>  Fatal Error: Traceback (most recent call last):, File "/usr/local/lib/python3.7/site-packages/ninja/operation.py", line 105, in run, return self._result_to_response(request, result, temporal_response), File "/usr/local/lib/python3.7/site-packages/ninja/operation.py", line 202, in _result_to_response, result = response_model.from_orm(resp_object).dict(, File "/usr/local/lib/python3.7/site-packages/ninja/schema.py", line 164, in from_orm, return super().from_orm(obj), File "pydantic/main.py", line 574, in pydantic.main.BaseModel.from_orm, pydantic.error_wrappers.ValidationError: 2 validation errors for NinjaResponseSchema, response -> items -> 6 -> masterFile -> 0 -> file_submission_date, none is not an allowed value (type=type_error.none.not_allowed), response -> items -> 6 -> masterFile -> 0 -> file_update_date, none is not an allowed value (type=type_error.none.not_allowed)
2025-10-13T17:47:40.232149+00:00 <0.247.0>  Fatal Error: Traceback (most recent call last):, File "/usr/local/lib/python3.7/site-packages/ninja/operation.py", line 105, in run, return self._result_to_response(request, result, temporal_response), File "/usr/local/lib/python3.7/site-packages/ninja/operation.py", line 202, in _result_to_response, result = response_model.from_orm(resp_object).dict(, File "/usr/local/lib/python3.7/site-packages/ninja/schema.py", line 164, in from_orm, return super().from_orm(obj), File "pydantic/main.py", line 574, in pydantic.main.BaseModel.from_orm, pydantic.error_wrappers.ValidationError: 2 validation errors for NinjaResponseSchema, response -> items -> 7 -> masterFile -> 0 -> file_submission_date, none is not an allowed value (type=type_error.none.not_allowed), response -> items -> 7 -> masterFile -> 0 -> file_update_date, none is not an allowed value (type=type_error.none.not_allowed)
